
[16-12-2022 09:19:38] [31merror[39m: [31mPORT is not defined[39m
[16-12-2022 09:21:37] [31merror[39m: [31mGET / 302[39m
[16-12-2022 09:21:37] [31merror[39m: [31mGET / 302[39m
[16-12-2022 09:21:37] [31merror[39m: [31mGET / 302[39m
[16-12-2022 09:21:37] [31merror[39m: [31mGET / 302[39m
[16-12-2022 09:21:37] [31merror[39m: [31mGET / 302[39m
[16-12-2022 09:21:37] [31merror[39m: [31mGET / 302[39m
[16-12-2022 09:21:37] [31merror[39m: [31mGET / 302[39m
[16-12-2022 09:21:37] [31merror[39m: [31mGET / 302[39m
[16-12-2022 09:21:37] [31merror[39m: [31mGET / 302[39m
[16-12-2022 09:21:37] [31merror[39m: [31mGET / 302[39m
[16-12-2022 09:21:37] [31merror[39m: [31mGET / 302[39m
[16-12-2022 09:21:37] [31merror[39m: [31mGET / 302[39m
[16-12-2022 09:21:37] [31merror[39m: [31mGET / 302[39m
[16-12-2022 09:21:37] [31merror[39m: [31mGET / 302[39m
[16-12-2022 09:21:37] [31merror[39m: [31mGET / 302[39m
[16-12-2022 09:21:37] [31merror[39m: [31mGET / 302[39m
[16-12-2022 09:21:37] [31merror[39m: [31mGET / 302[39m
[16-12-2022 09:21:37] [31merror[39m: [31mGET / 302[39m
[16-12-2022 09:21:37] [31merror[39m: [31mGET / 302[39m
[16-12-2022 09:21:37] [31merror[39m: [31mGET / 302[39m
[16-12-2022 09:21:37] [31merror[39m: [31mGET / 302[39m
[16-12-2022 09:22:09] [31merror[39m: [31mGET / 302[39m
[16-12-2022 09:22:09] [31merror[39m: [31mGET / 302[39m
[16-12-2022 09:22:09] [31merror[39m: [31mGET / 302[39m
[16-12-2022 09:22:09] [31merror[39m: [31mGET / 302[39m
[16-12-2022 09:22:09] [31merror[39m: [31mGET / 302[39m
[16-12-2022 09:22:09] [31merror[39m: [31mGET / 302[39m
[16-12-2022 09:22:09] [31merror[39m: [31mGET / 302[39m
[16-12-2022 09:22:09] [31merror[39m: [31mGET / 302[39m
[16-12-2022 09:22:09] [31merror[39m: [31mGET / 302[39m
[16-12-2022 09:22:09] [31merror[39m: [31mGET / 302[39m
[16-12-2022 09:22:09] [31merror[39m: [31mGET / 302[39m
[16-12-2022 09:22:09] [31merror[39m: [31mGET / 302[39m
[16-12-2022 09:22:09] [31merror[39m: [31mGET / 302[39m
[16-12-2022 09:22:09] [31merror[39m: [31mGET / 302[39m
[16-12-2022 09:22:09] [31merror[39m: [31mGET / 302[39m
[16-12-2022 09:22:09] [31merror[39m: [31mGET / 302[39m
[16-12-2022 09:22:09] [31merror[39m: [31mGET / 302[39m
[16-12-2022 09:22:09] [31merror[39m: [31mGET / 302[39m
[16-12-2022 09:22:09] [31merror[39m: [31mGET / 302[39m
[16-12-2022 09:22:09] [31merror[39m: [31mGET / 302[39m
[16-12-2022 09:22:09] [31merror[39m: [31mGET / 302[39m
[16-12-2022 09:22:45] [31merror[39m: [31mGET /login 404[39m
[16-12-2022 09:22:53] [31merror[39m: [31mGET / 302[39m
[16-12-2022 09:22:53] [31merror[39m: [31mGET / 302[39m
[16-12-2022 09:22:53] [31merror[39m: [31mGET / 302[39m
[16-12-2022 09:22:53] [31merror[39m: [31mGET / 302[39m
[16-12-2022 09:22:53] [31merror[39m: [31mGET / 302[39m
[16-12-2022 09:22:53] [31merror[39m: [31mGET / 302[39m
[16-12-2022 09:22:53] [31merror[39m: [31mGET / 302[39m
[16-12-2022 09:22:53] [31merror[39m: [31mGET / 302[39m
[16-12-2022 09:22:53] [31merror[39m: [31mGET / 302[39m
[16-12-2022 09:22:53] [31merror[39m: [31mGET / 302[39m
[16-12-2022 09:22:53] [31merror[39m: [31mGET / 302[39m
[16-12-2022 09:22:53] [31merror[39m: [31mGET / 302[39m
[16-12-2022 09:22:53] [31merror[39m: [31mGET / 302[39m
[16-12-2022 09:22:53] [31merror[39m: [31mGET / 302[39m
[16-12-2022 09:22:53] [31merror[39m: [31mGET / 302[39m
[16-12-2022 09:22:53] [31merror[39m: [31mGET / 302[39m
[16-12-2022 09:22:53] [31merror[39m: [31mGET / 302[39m
[16-12-2022 09:22:53] [31merror[39m: [31mGET / 302[39m
[16-12-2022 09:22:53] [31merror[39m: [31mGET / 302[39m
[16-12-2022 09:22:53] [31merror[39m: [31mGET / 302[39m
[16-12-2022 09:22:53] [31merror[39m: [31mGET / 302[39m
[16-12-2022 09:24:24] [31merror[39m: [31mGET / 302[39m
[16-12-2022 09:24:24] [31merror[39m: [31mGET / 302[39m
[16-12-2022 09:24:24] [31merror[39m: [31mGET / 302[39m
[16-12-2022 09:24:24] [31merror[39m: [31mGET / 302[39m
[16-12-2022 09:24:24] [31merror[39m: [31mGET / 302[39m
[16-12-2022 09:24:24] [31merror[39m: [31mGET / 302[39m
[16-12-2022 09:24:24] [31merror[39m: [31mGET / 302[39m
[16-12-2022 09:24:24] [31merror[39m: [31mGET / 302[39m
[16-12-2022 09:24:24] [31merror[39m: [31mGET / 302[39m
[16-12-2022 09:24:24] [31merror[39m: [31mGET / 302[39m
[16-12-2022 09:24:24] [31merror[39m: [31mGET / 302[39m
[16-12-2022 09:24:24] [31merror[39m: [31mGET / 302[39m
[16-12-2022 09:24:24] [31merror[39m: [31mGET / 302[39m
[16-12-2022 09:24:24] [31merror[39m: [31mGET / 302[39m
[16-12-2022 09:24:24] [31merror[39m: [31mGET / 302[39m
[16-12-2022 09:24:24] [31merror[39m: [31mGET / 302[39m
[16-12-2022 09:24:24] [31merror[39m: [31mGET / 302[39m
[16-12-2022 09:24:24] [31merror[39m: [31mGET / 302[39m
[16-12-2022 09:24:24] [31merror[39m: [31mGET / 302[39m
[16-12-2022 09:24:24] [31merror[39m: [31mGET / 302[39m
[16-12-2022 09:24:24] [31merror[39m: [31mGET / 302[39m
[16-12-2022 09:25:12] [31merror[39m: [31mGET / 302[39m
[16-12-2022 09:25:12] [31merror[39m: [31mGET /favicon.ico 404[39m
[16-12-2022 09:25:40] [31merror[39m: [31mGET / 302[39m
[16-12-2022 09:31:04] [31merror[39m: [31mGET /consultas/user/ 404[39m
[16-12-2022 09:34:52] [31merror[39m: [31mGET / 500[39m
[16-12-2022 09:34:54] [31merror[39m: [31mGET / 500[39m
[16-12-2022 09:35:08] [31merror[39m: [31mGET / 500[39m
[16-12-2022 09:35:22] [31merror[39m: [31mGET /assets/css/bootstrap.min.css.map 404[39m
[16-12-2022 09:38:07] [31merror[39m: [31mPOST /auth/login 404[39m
[16-12-2022 09:38:48] [31merror[39m: [31mPOST /auth/login 404[39m
[16-12-2022 09:38:58] [31merror[39m: [31mPOST /auth/login 404[39m
[16-12-2022 09:39:31] [31merror[39m: [31mPOST /auth/login 404[39m
[16-12-2022 09:46:04] [31merror[39m: [31mGET /favicon.ico 404[39m
[16-12-2022 12:13:21] [31merror[39m: [31mGET /favicon.ico 404[39m
[16-12-2022 12:19:09] [31merror[39m: [31mGET /login 404[39m
[16-12-2022 12:49:17] [31merror[39m: [31mGET / 302[39m
[16-12-2022 12:49:20] [31merror[39m: [31mGET /favicon.ico 404[39m
[16-12-2022 14:22:30] [31merror[39m: [31mGET /favicon.ico 404[39m
[16-12-2022 14:22:35] [31merror[39m: [31mGET /assets/css/bootstrap.min.css.map 404[39m
[16-12-2022 14:32:07] [31merror[39m: [31mGET /favicon.ico 404[39m
[20-12-2022 12:51:45] [31merror[39m: [31mGET /assets/css/bootstrap.min.css.map 404[39m
[20-12-2022 12:57:11] [31merror[39m: [31mGET /assets/css/bootstrap.min.css.map 404[39m
[20-12-2022 12:57:39] [31merror[39m: [31mGET /mis-consultas 404[39m
[20-12-2022 13:00:32] [31merror[39m: [31mGET /assets/css/bootstrap.min.css.map 404[39m
[20-12-2022 14:03:26] [31merror[39m: [31mPOST /auth/login 404[39m
[20-12-2022 14:03:41] [31merror[39m: [31moption usecreateindex is not supported[39m
[20-12-2022 14:03:56] [31merror[39m: [31mPOST /auth/login 404[39m
[20-12-2022 14:04:32] [31merror[39m: [31moption usecreateindex is not supported[39m
[20-12-2022 14:30:04] [31merror[39m: [31mGET /favicon.ico 404[39m
[20-12-2022 17:54:55] [31merror[39m: [31mGET /favicon.ico 404[39m
[20-12-2022 18:13:40] [31merror[39m: [31mGET /favicon.ico 404[39m
[20-12-2022 18:21:22] [31merror[39m: [31mGET /login 404[39m
[20-12-2022 18:21:22] [31merror[39m: [31mGET /favicon.ico 404[39m
[20-12-2022 18:38:15] [31merror[39m: [31mGET /login 404[39m
[20-12-2022 18:38:44] [31merror[39m: [31mGET /favicon.ico 404[39m
[20-12-2022 18:39:27] [31merror[39m: [31mGET /uploads/1671572054716-ben%20el%20relojero.jpg 404[39m
[20-12-2022 18:39:27] [31merror[39m: [31mGET /favicon.ico 404[39m
[20-12-2022 18:44:48] [31merror[39m: [31mGET /favicon.ico 404[39m
[20-12-2022 18:45:41] [31merror[39m: [31mGET /favicon.ico 404[39m
[20-12-2022 18:48:59] [31merror[39m: [31mGET /favicon.ico 404[39m
[27-12-2022 10:24:50] [31merror[39m: [31mPOST /auth/login 404[39m
[27-12-2022 10:24:52] [31merror[39m: [31mGET /favicon.ico 404[39m
[27-12-2022 10:24:58] [31merror[39m: [31mGET /favicon.ico 404[39m
[27-12-2022 10:25:00] [31merror[39m: [31mGET /uploads/1671572421489-ben%20el%20relojero.jpg 404[39m
[27-12-2022 10:25:03] [31merror[39m: [31mGET /uploads/1671572421489-ben%20el%20relojero.jpg 404[39m
[27-12-2022 10:25:05] [31merror[39m: [31mGET /uploads/1671572421489-ben%20el%20relojero.jpg 404[39m
[27-12-2022 10:25:08] [31merror[39m: [31mGET /uploads/1671572421489-ben%20el%20relojero.jpg 404[39m
[27-12-2022 10:25:19] [31merror[39m: [31mGET /favicon.ico 404[39m
[27-12-2022 10:26:23] [31merror[39m: [31mGET /uploads/1671572421489-ben%20el%20relojero.jpg 404[39m
[27-12-2022 10:26:27] [31merror[39m: [31mGET /uploads/1671572421489-ben%20el%20relojero.jpg 404[39m
[27-12-2022 10:26:27] [31merror[39m: [31mGET /favicon.ico 404[39m
[27-12-2022 10:26:27] [31merror[39m: [31mGET /uploads/1671572421489-ben%20el%20relojero.jpg 404[39m
[27-12-2022 10:26:43] [31merror[39m: [31mGET /assets/css/bootstrap.min.css.map 404[39m
[27-12-2022 10:26:52] [31merror[39m: [31mGET /favicon.ico 404[39m
[27-12-2022 10:26:52] [31merror[39m: [31mGET /assets/css/bootstrap.min.css.map 404[39m
[27-12-2022 10:35:24] [31merror[39m: [31mPOST /auth/login 404[39m
[26-03-2023 16:30:19] [31merror[39m: [31mInvalid scheme, expected connection string to start with "mongodb://" or "mongodb+srv://"[39m
[26-03-2023 16:30:38] [31merror[39m: [31mGET /favicon.ico 404[39m
[26-03-2023 17:17:10] [31merror[39m: [31mInvalid scheme, expected connection string to start with "mongodb://" or "mongodb+srv://"[39m
[26-03-2023 17:23:53] [31merror[39m: [31mPOST /auth/register 400[39m
[26-03-2023 17:24:03] [31merror[39m: [31mPOST /auth/login 404[39m
[26-03-2023 17:39:59] [31merror[39m: [31mPOST /productos 404[39m
[26-03-2023 17:41:20] [31merror[39m: [31mGET /images/https://cdn-icons-png.flaticon.com/512/1170/1170679.png 404[39m
[26-03-2023 17:41:23] [31merror[39m: [31mGET /images/https://cdn-icons-png.flaticon.com/512/1170/1170679.png 404[39m
[26-03-2023 17:41:34] [31merror[39m: [31mGET /images/https://cdn-icons-png.flaticon.com/512/1170/1170679.png 404[39m
[26-03-2023 17:41:38] [31merror[39m: [31mGET /images/https://cdn-icons-png.flaticon.com/512/1170/1170679.png 404[39m
[26-03-2023 17:47:56] [31merror[39m: [31mGET /images/https://cdn-icons-png.flaticon.com/512/1170/1170679.png 404[39m
[26-03-2023 17:47:59] [31merror[39m: [31mGET /images/https://cdn-icons-png.flaticon.com/512/1170/1170679.png 404[39m
[26-03-2023 17:48:02] [31merror[39m: [31mGET /images/https://cdn-icons-png.flaticon.com/512/1170/1170679.png 404[39m
[26-03-2023 17:48:09] [31merror[39m: [31mGET /images/https://cdn-icons-png.flaticon.com/512/1170/1170679.png 404[39m
[26-03-2023 17:48:13] [31merror[39m: [31mGET /images/https://cdn-icons-png.flaticon.com/512/1170/1170679.png 404[39m
[26-03-2023 17:48:47] [31merror[39m: [31mGET /images/https://cdn-icons-png.flaticon.com/512/1170/1170679.png 404[39m
[26-03-2023 17:49:23] [31merror[39m: [31mGET /images/https://cdn-icons-png.flaticon.com/512/1170/1170679.png 404[39m
[26-03-2023 17:49:24] [31merror[39m: [31mGET /images/https://cdn-icons-png.flaticon.com/512/1170/1170679.png 404[39m
[26-03-2023 18:01:10] [31merror[39m: [31mGET / 302[39m
[26-03-2023 18:01:17] [31merror[39m: [31mPOST /auth/login 404[39m
[26-03-2023 19:03:52] [31merror[39m: [31mGET / 302[39m
[26-03-2023 19:03:52] [31merror[39m: [31mGET /favicon.ico 404[39m
